::1 - - [26/Jul/2020:18:09:36 +0000] "GET /api/v1/categories HTTP/1.1" 200 119 "-" "PostmanRuntime/7.26.2"
::1 - - [26/Jul/2020:18:09:39 +0000] "POST /api/v1/categories HTTP/1.1" 200 101 "-" "PostmanRuntime/7.26.2"
::1 - - [26/Jul/2020:18:09:49 +0000] "PUT /api/v1/categories/12 HTTP/1.1" 200 97 "-" "PostmanRuntime/7.26.2"
::1 - - [26/Jul/2020:18:09:52 +0000] "PUT /api/v1/categories/133 HTTP/1.1" 200 98 "-" "PostmanRuntime/7.26.2"
::1 - - [26/Jul/2020:18:09:57 +0000] "DELETE /api/v1/categories/332 HTTP/1.1" 200 80 "-" "PostmanRuntime/7.26.2"
::1 - - [26/Jul/2020:18:10:04 +0000] "DELETE /api/v1/categories/332 HTTP/1.1" 200 80 "-" "PostmanRuntime/7.26.2"
::1 - - [26/Jul/2020:18:10:06 +0000] "DELETE /api/v1/categories/332 HTTP/1.1" 200 80 "-" "PostmanRuntime/7.26.2"
::1 - - [26/Jul/2020:18:10:07 +0000] "DELETE /api/v1/categories/332 HTTP/1.1" 200 80 "-" "PostmanRuntime/7.26.2"
::1 - - [26/Jul/2020:18:10:10 +0000] "POST /api/v1/categories/332 HTTP/1.1" 404 161 "-" "PostmanRuntime/7.26.2"
::1 - - [26/Jul/2020:18:10:10 +0000] "POST /api/v1/categories/332 HTTP/1.1" 404 161 "-" "PostmanRuntime/7.26.2"
::1 - - [26/Jul/2020:18:10:14 +0000] "PUT /api/v1/categories/332 HTTP/1.1" 200 98 "-" "PostmanRuntime/7.26.2"
::1 - - [26/Jul/2020:18:11:03 +0000] "PUT /api/v1/categories/332 HTTP/1.1" 200 98 "-" "PostmanRuntime/7.26.2"
::1 - - [26/Jul/2020:18:11:10 +0000] "GET /api/v1/categories HTTP/1.1" 200 119 "-" "PostmanRuntime/7.26.2"
::1 - - [26/Jul/2020:18:21:40 +0000] "GET /api/v1/categories HTTP/1.1" 200 119 "-" "PostmanRuntime/7.26.2"
::1 - - [26/Jul/2020:18:21:43 +0000] "POST /api/v1/categories HTTP/1.1" 200 101 "-" "PostmanRuntime/7.26.2"
::1 - - [26/Jul/2020:18:23:10 +0000] "GET /api/v1/categories HTTP/1.1" 200 119 "-" "PostmanRuntime/7.26.2"
::1 - - [26/Jul/2020:18:23:24 +0000] "GET /api/v1/categories HTTP/1.1" 200 119 "-" "PostmanRuntime/7.26.2"
::1 - - [26/Jul/2020:18:24:59 +0000] "GET /api/v1/categories/12 HTTP/1.1" 200 99 "-" "PostmanRuntime/7.26.2"
::1 - - [26/Jul/2020:18:25:45 +0000] "POST /api/v1/categories/ HTTP/1.1" 200 101 "-" "PostmanRuntime/7.26.2"
::1 - - [26/Jul/2020:18:31:08 +0000] "DELETE /api/v1/categories/4455 HTTP/1.1" 200 81 "-" "PostmanRuntime/7.26.2"
::1 - - [27/Jul/2020:04:54:51 +0000] "GET / HTTP/1.1" 404 139 "-" "Mozilla/5.0 (Windows NT 10.0; Win64; x64) AppleWebKit/537.36 (KHTML, like Gecko) Chrome/84.0.4147.89 Safari/537.36"
::1 - - [27/Jul/2020:04:55:02 +0000] "GET /api/v1/categories HTTP/1.1" 200 119 "-" "Mozilla/5.0 (Windows NT 10.0; Win64; x64) AppleWebKit/537.36 (KHTML, like Gecko) Chrome/84.0.4147.89 Safari/537.36"
::1 - - [27/Jul/2020:04:55:02 +0000] "GET /favicon.ico HTTP/1.1" 404 150 "http://localhost:8800/api/v1/categories" "Mozilla/5.0 (Windows NT 10.0; Win64; x64) AppleWebKit/537.36 (KHTML, like Gecko) Chrome/84.0.4147.89 Safari/537.36"
::1 - - [27/Jul/2020:04:55:18 +0000] "GET /api/v1/category HTTP/1.1" 404 154 "-" "Mozilla/5.0 (Windows NT 10.0; Win64; x64) AppleWebKit/537.36 (KHTML, like Gecko) Chrome/84.0.4147.89 Safari/537.36"
::1 - - [27/Jul/2020:04:55:27 +0000] "GET /api/v1/categories/121 HTTP/1.1" 200 100 "-" "Mozilla/5.0 (Windows NT 10.0; Win64; x64) AppleWebKit/537.36 (KHTML, like Gecko) Chrome/84.0.4147.89 Safari/537.36"
::1 - - [27/Jul/2020:04:56:01 +0000] "GET /api/v1/categories/ HTTP/1.1" 200 119 "-" "PostmanRuntime/7.26.2"
::1 - - [27/Jul/2020:04:56:07 +0000] "DELETE /api/v1/categories/22 HTTP/1.1" 200 79 "-" "PostmanRuntime/7.26.2"
::1 - - [27/Jul/2020:06:57:49 +0000] "POST /api/v1/categories/ HTTP/1.1" 200 101 "-" "PostmanRuntime/7.26.2"
::1 - - [27/Jul/2020:06:59:11 +0000] "POST /api/v1/categories/ HTTP/1.1" 200 101 "-" "PostmanRuntime/7.26.2"
::1 - - [27/Jul/2020:07:02:31 +0000] "POST /api/v1/categories/ HTTP/1.1" 200 101 "-" "PostmanRuntime/7.26.2"
::1 - - [27/Jul/2020:07:05:18 +0000] "POST /api/v1/categories/ HTTP/1.1" 200 101 "-" "PostmanRuntime/7.26.2"
::1 - - [27/Jul/2020:07:05:56 +0000] "POST /api/v1/categories/ HTTP/1.1" 200 101 "-" "PostmanRuntime/7.26.2"
::1 - - [27/Jul/2020:07:14:03 +0000] "POST /api/v1/categories/ HTTP/1.1" 400 395 "-" "PostmanRuntime/7.26.2"
::1 - - [27/Jul/2020:07:16:32 +0000] "POST /api/v1/categories/ HTTP/1.1" 200 224 "-" "PostmanRuntime/7.26.2"
::1 - - [27/Jul/2020:07:56:34 +0000] "POST /api/v1/categories/ HTTP/1.1" 400 163 "-" "PostmanRuntime/7.26.2"
::1 - - [27/Jul/2020:07:57:15 +0000] "PUT /api/v1/categories/123 HTTP/1.1" 200 98 "-" "PostmanRuntime/7.26.2"
::1 - - [27/Jul/2020:07:58:25 +0000] "POST /api/v1/categories/ HTTP/1.1" 400 163 "-" "PostmanRuntime/7.26.2"
::1 - - [27/Jul/2020:07:58:32 +0000] "POST /api/v1/categories/ HTTP/1.1" 200 225 "-" "PostmanRuntime/7.26.2"
::1 - - [27/Jul/2020:07:58:47 +0000] "GET /api/v1/categories/12 HTTP/1.1" 200 99 "-" "PostmanRuntime/7.26.2"
::1 - - [27/Jul/2020:08:01:21 +0000] "POST /api/v1/categories/ HTTP/1.1" 400 395 "-" "PostmanRuntime/7.26.2"
::1 - - [27/Jul/2020:08:03:21 +0000] "POST /api/v1/categories/ HTTP/1.1" 400 796 "-" "PostmanRuntime/7.26.2"
::1 - - [27/Jul/2020:08:03:32 +0000] "POST /api/v1/categories/ HTTP/1.1" 400 523 "-" "PostmanRuntime/7.26.2"
